<?xml version="1.0" encoding="UTF-8"?>
<!-- Generated by org.testng.reporters.JUnitReportReporter -->
<testsuite hostname="AcerAspire-7" failures="0" tests="4" name="runner.TestRunner" time="16.446" errors="0" timestamp="2025-03-20T13:14:49 IST" skipped="0">
  <testcase classname="runner.TestRunner" name="runScenario" time="12.076"/>
  <system-out/>
  <testcase classname="runner.TestRunner" name="runScenario" time="0.631"/>
  <system-out/>
  <testcase classname="runner.TestRunner" name="runScenario" time="1.511"/>
  <system-out/>
  <testcase classname="runner.TestRunner" name="runScenario" time="2.228"/>
  <system-out/>
</testsuite> <!-- runner.TestRunner -->
